17:37:22 **** Rebuild of configuration Debug for project Random Exercise ****
Info: Internal Builder is used for build
g++ -O0 -g3 -Wall -c -fmessage-length=0 -o random_exercise_1.o "..\\random_exercise_1.cpp" 
..\random_exercise_1.cpp: In function 'int main()':
..\random_exercise_1.cpp:18:58: error: 'getDiskKm' was not declared in this scope; did you mean 'getDistKm'?
   18 |  cout<<"Ð Ð°Ð·Ñ?Ñ‚Ð¾Ñ?Ð½Ð¸Ðµ (Ð² ÐºÐ¸Ð»Ð¾Ð¼ÐµÑ‚Ñ€Ð¸): "<<getDiskKm(distMile)<<endl;
      |                                                          ^~~~~~~~~
      |                                                          getDistKm
17:37:40 **** Incremental Build of configuration Debug for project Random Exercise ****
Info: Internal Builder is used for build
g++ -O0 -g3 -Wall -c -fmessage-length=0 -o random_exercise_1.o "..\\random_exercise_1.cpp" 
g++ -o "Random Exercise.exe" random_exercise_1.o 
Info: Nothing to build for Random Exercise
17:38:10 **** Incremental Build of configuration Debug for project Random Exercise ****
Info: Internal Builder is used for build
g++ -O0 -g3 -Wall -c -fmessage-length=0 -o random_exercise_1.o "..\\random_exercise_1.cpp" 
g++ -o "Random Exercise.exe" random_exercise_1.o 
17:38:22 **** Incremental Build of configuration Debug for project Random Exercise ****
Info: Internal Builder is used for build
g++ -O0 -g3 -Wall -c -fmessage-length=0 -o random_exercise_1.o "..\\random_exercise_1.cpp" 
g++ -o "Random Exercise.exe" random_exercise_1.o 
17:38:35 **** Incremental Build of configuration Debug for project Random Exercise ****
Info: Internal Builder is used for build
g++ -O0 -g3 -Wall -c -fmessage-length=0 -o random_exercise_1.o "..\\random_exercise_1.cpp" 
g++ -o "Random Exercise.exe" random_exercise_1.o 
17:38:47 **** Incremental Build of configuration Debug for project Random Exercise ****
Info: Internal Builder is used for build
g++ -O0 -g3 -Wall -c -fmessage-length=0 -o random_exercise_1.o "..\\random_exercise_1.cpp" 
g++ -o "Random Exercise.exe" random_exercise_1.o 
13:38:55 **** Rebuild of configuration Debug for project Miles to Kilometres (via functions) ****
Info: Internal Builder is used for build
g++ -O0 -g3 -Wall -c -fmessage-length=0 -o random_exercise_1.o "..\\random_exercise_1.cpp" 
g++ -o "Miles to Kilometres (via functions).exe" random_exercise_1.o 
Info: Nothing to build for Miles to Kilometres (via functions)
20:04:40 **** Rebuild of configuration Debug for project Miles to Kilometres (via functions) ****
Info: Internal Builder is used for build
g++ -O0 -g3 -Wall -c -fmessage-length=0 -o random_exercise_1.o "..\\random_exercise_1.cpp" 
g++ -o "Miles to Kilometres (via functions).exe" random_exercise_1.o 
17:44:32 **** Rebuild of configuration Debug for project Kid Shop ****
Info: Internal Builder is used for build
g++ -O0 -g3 -Wall -c -fmessage-length=0 -o kid_shop.o "..\\kid_shop.cpp" 
..\kid_shop.cpp: In function 'int main()':
..\kid_shop.cpp:25:9: warning: unused variable 'puzzle_price' [-Wunused-variable]
   25 |  double puzzle_price=2.60, doll_price=3.00, teddy_bear_price=4.10, minion_price=8.20, truck_price=2.00;
      |         ^~~~~~~~~~~~
..\kid_shop.cpp:25:28: warning: unused variable 'doll_price' [-Wunused-variable]
   25 |  double puzzle_price=2.60, doll_price=3.00, teddy_bear_price=4.10, minion_price=8.20, truck_price=2.00;
      |                            ^~~~~~~~~~
..\kid_shop.cpp:25:45: warning: unused variable 'teddy_bear_price' [-Wunused-variable]
   25 |  double puzzle_price=2.60, doll_price=3.00, teddy_bear_price=4.10, minion_price=8.20, truck_price=2.00;
      |                                             ^~~~~~~~~~~~~~~~
..\kid_shop.cpp:25:68: warning: unused variable 'minion_price' [-Wunused-variable]
   25 |  double puzzle_price=2.60, doll_price=3.00, teddy_bear_price=4.10, minion_price=8.20, truck_price=2.00;
      |                                                                    ^~~~~~~~~~~~
..\kid_shop.cpp:25:87: warning: unused variable 'truck_price' [-Wunused-variable]
   25 |  double puzzle_price=2.60, doll_price=3.00, teddy_bear_price=4.10, minion_price=8.20, truck_price=2.00;
      |                                                                                       ^~~~~~~~~~~
..\kid_shop.cpp:24:20: warning: 'puzzle' is used uninitialized in this function [-Wuninitialized]
   24 |  int toy_sum=puzzle+doll+teddy_bear+minion+truck;
      |              ~~~~~~^~~~~
..\kid_shop.cpp:24:20: warning: 'doll' is used uninitialized in this function [-Wuninitialized]
..\kid_shop.cpp:24:25: warning: 'teddy_bear' is used uninitialized in this function [-Wuninitialized]
   24 |  int toy_sum=puzzle+doll+teddy_bear+minion+truck;
      |              ~~~~~~~~~~~^~~~~~~~~~~
..\kid_shop.cpp:24:36: warning: 'minion' is used uninitialized in this function [-Wuninitialized]
   24 |  int toy_sum=puzzle+doll+teddy_bear+minion+truck;
      |              ~~~~~~~~~~~~~~~~~~~~~~^~~~~~~
..\kid_shop.cpp:24:43: warning: 'truck' is used uninitialized in this function [-Wuninitialized]
   24 |  int toy_sum=puzzle+doll+teddy_bear+minion+truck;
      |              ~~~~~~~~~~~~~~~~~~~~~~~~~~~~~^~~~~~
g++ -o "Kid Shop.exe" kid_shop.o 
17:44:38 **** Rebuild of configuration Debug for project Miles to Kilometres (via functions) ****
Info: Internal Builder is used for build
g++ -O0 -g3 -Wall -c -fmessage-length=0 -o random_exercise_1.o "..\\random_exercise_1.cpp" 
g++ -o "Miles to Kilometres (via functions).exe" random_exercise_1.o 
Info: Nothing to build for Kid Shop
17:45:37 **** Incremental Build of configuration Debug for project Kid Shop ****
Info: Internal Builder is used for build
g++ -O0 -g3 -Wall -c -fmessage-length=0 -o kid_shop.o "..\\kid_shop.cpp" 
..\kid_shop.cpp: In function 'int main()':
..\kid_shop.cpp:26:9: warning: unused variable 'puzzle_price' [-Wunused-variable]
   26 |  double puzzle_price=2.60, doll_price=3.00, teddy_bear_price=4.10, minion_price=8.20, truck_price=2.00;
      |         ^~~~~~~~~~~~
..\kid_shop.cpp:26:28: warning: unused variable 'doll_price' [-Wunused-variable]
   26 |  double puzzle_price=2.60, doll_price=3.00, teddy_bear_price=4.10, minion_price=8.20, truck_price=2.00;
      |                            ^~~~~~~~~~
..\kid_shop.cpp:26:45: warning: unused variable 'teddy_bear_price' [-Wunused-variable]
   26 |  double puzzle_price=2.60, doll_price=3.00, teddy_bear_price=4.10, minion_price=8.20, truck_price=2.00;
      |                                             ^~~~~~~~~~~~~~~~
..\kid_shop.cpp:26:68: warning: unused variable 'minion_price' [-Wunused-variable]
   26 |  double puzzle_price=2.60, doll_price=3.00, teddy_bear_price=4.10, minion_price=8.20, truck_price=2.00;
      |                                                                    ^~~~~~~~~~~~
..\kid_shop.cpp:26:87: warning: unused variable 'truck_price' [-Wunused-variable]
   26 |  double puzzle_price=2.60, doll_price=3.00, teddy_bear_price=4.10, minion_price=8.20, truck_price=2.00;
      |                                                                                       ^~~~~~~~~~~
..\kid_shop.cpp:25:20: warning: 'puzzle' is used uninitialized in this function [-Wuninitialized]
   25 |  int toy_sum=puzzle+doll+teddy_bear+minion+truck;
      |              ~~~~~~^~~~~
..\kid_shop.cpp:25:20: warning: 'doll' is used uninitialized in this function [-Wuninitialized]
..\kid_shop.cpp:25:25: warning: 'teddy_bear' is used uninitialized in this function [-Wuninitialized]
   25 |  int toy_sum=puzzle+doll+teddy_bear+minion+truck;
      |              ~~~~~~~~~~~^~~~~~~~~~~
..\kid_shop.cpp:25:36: warning: 'minion' is used uninitialized in this function [-Wuninitialized]
   25 |  int toy_sum=puzzle+doll+teddy_bear+minion+truck;
      |              ~~~~~~~~~~~~~~~~~~~~~~^~~~~~~
..\kid_shop.cpp:25:43: warning: 'truck' is used uninitialized in this function [-Wuninitialized]
   25 |  int toy_sum=puzzle+doll+teddy_bear+minion+truck;
      |              ~~~~~~~~~~~~~~~~~~~~~~~~~~~~~^~~~~~
g++ -o "Kid Shop.exe" kid_shop.o 
Info: Nothing to build for Miles to Kilometres (via functions)
Info: Nothing to build for Kid Shop
17:46:53 **** Incremental Build of configuration Debug for project Kid Shop ****
Info: Internal Builder is used for build
g++ -O0 -g3 -Wall -c -fmessage-length=0 -o kid_shop.o "..\\kid_shop.cpp" 
..\kid_shop.cpp: In function 'int main()':
..\kid_shop.cpp:26:2: error: expected initializer before 'double'
   26 |  double puzzle_price=2.60, doll_price=3.00, teddy_bear_price=4.10, minion_price=8.20, truck_price=2.00;
      |  ^~~~~~
..\kid_shop.cpp:36:2: error: 'toy_sum' was not declared in this scope
   36 |  toy_sum=puzzle+doll+teddy_bear+minion+truck;
      |  ^~~~~~~
17:47:09 **** Incremental Build of configuration Debug for project Kid Shop ****
Info: Internal Builder is used for build
g++ -O0 -g3 -Wall -c -fmessage-length=0 -o kid_shop.o "..\\kid_shop.cpp" 
..\kid_shop.cpp: In function 'int main()':
..\kid_shop.cpp:26:9: warning: unused variable 'puzzle_price' [-Wunused-variable]
   26 |  double puzzle_price=2.60, doll_price=3.00, teddy_bear_price=4.10, minion_price=8.20, truck_price=2.00;
      |         ^~~~~~~~~~~~
..\kid_shop.cpp:26:28: warning: unused variable 'doll_price' [-Wunused-variable]
   26 |  double puzzle_price=2.60, doll_price=3.00, teddy_bear_price=4.10, minion_price=8.20, truck_price=2.00;
      |                            ^~~~~~~~~~
..\kid_shop.cpp:26:45: warning: unused variable 'teddy_bear_price' [-Wunused-variable]
   26 |  double puzzle_price=2.60, doll_price=3.00, teddy_bear_price=4.10, minion_price=8.20, truck_price=2.00;
      |                                             ^~~~~~~~~~~~~~~~
..\kid_shop.cpp:26:68: warning: unused variable 'minion_price' [-Wunused-variable]
   26 |  double puzzle_price=2.60, doll_price=3.00, teddy_bear_price=4.10, minion_price=8.20, truck_price=2.00;
      |                                                                    ^~~~~~~~~~~~
..\kid_shop.cpp:26:87: warning: unused variable 'truck_price' [-Wunused-variable]
   26 |  double puzzle_price=2.60, doll_price=3.00, teddy_bear_price=4.10, minion_price=8.20, truck_price=2.00;
      |                                                                                       ^~~~~~~~~~~
g++ -o "Kid Shop.exe" kid_shop.o 
Info: Nothing to build for Miles to Kilometres (via functions)
17:52:26 **** Incremental Build of configuration Debug for project Kid Shop ****
Info: Internal Builder is used for build
g++ -O0 -g3 -Wall -c -fmessage-length=0 -o kid_shop.o "..\\kid_shop.cpp" 
g++ -o "Kid Shop.exe" kid_shop.o 
Info: Nothing to build for Miles to Kilometres (via functions)
Info: Nothing to build for Kid Shop
17:55:42 **** Incremental Build of configuration Debug for project Kid Shop ****
Info: Internal Builder is used for build
g++ -O0 -g3 -Wall -c -fmessage-length=0 -o kid_shop.o "..\\kid_shop.cpp" 
g++ -o "Kid Shop.exe" kid_shop.o 
17:56:03 **** Incremental Build of configuration Debug for project Kid Shop ****
Info: Internal Builder is used for build
g++ -O0 -g3 -Wall -c -fmessage-length=0 -o kid_shop.o "..\\kid_shop.cpp" 
g++ -o "Kid Shop.exe" kid_shop.o 
18:04:45 **** Incremental Build of configuration Debug for project Kid Shop ****
Info: Internal Builder is used for build
g++ -O0 -g3 -Wall -c -fmessage-length=0 -o kid_shop.o "..\\kid_shop.cpp" 
g++ -o "Kid Shop.exe" kid_shop.o 
18:06:30 **** Incremental Build of configuration Debug for project Kid Shop ****
Info: Internal Builder is used for build
g++ -O0 -g3 -Wall -c -fmessage-length=0 -o kid_shop.o "..\\kid_shop.cpp" 
g++ -o "Kid Shop.exe" kid_shop.o 
Info: Nothing to build for Kid Shop
18:08:17 **** Incremental Build of configuration Debug for project Kid Shop ****
Info: Internal Builder is used for build
g++ -O0 -g3 -Wall -c -fmessage-length=0 -o kid_shop.o "..\\kid_shop.cpp" 
..\kid_shop.cpp: In function 'int main()':
..\kid_shop.cpp:55:2: error: 'sysmte' was not declared in this scope; did you mean 'system'?
   55 |  sysmte("pause");
      |  ^~~~~~
      |  system
18:08:36 **** Incremental Build of configuration Debug for project Kid Shop ****
Info: Internal Builder is used for build
g++ -O0 -g3 -Wall -c -fmessage-length=0 -o kid_shop.o "..\\kid_shop.cpp" 
g++ -o "Kid Shop.exe" kid_shop.o 
18:17:05 **** Incremental Build of configuration Debug for project Kid Shop ****
Info: Internal Builder is used for build
g++ -O0 -g3 -Wall -c -fmessage-length=0 -o kid_shop.o "..\\kid_shop.cpp" 
..\kid_shop.cpp: In function 'int main()':
..\kid_shop.cpp:58:2: warning: this 'else' clause does not guard... [-Wmisleading-indentation]
   58 |  else
      |  ^~~~
..\kid_shop.cpp:60:3: note: ...this statement, but the latter is misleadingly indented as if it were guarded by the 'else'
   60 |   cout<<"Still, give us money."<<endl;
      |   ^~~~
g++ -o "Kid Shop.exe" kid_shop.o 
18:18:54 **** Incremental Build of configuration Debug for project Kid Shop ****
Info: Internal Builder is used for build
g++ -O0 -g3 -Wall -c -fmessage-length=0 -o kid_shop.o "..\\kid_shop.cpp" 
..\kid_shop.cpp: In function 'int main()':
..\kid_shop.cpp:60:50: warning: 'rent' may be used uninitialized in this function [-Wmaybe-uninitialized]
   60 |   cout<<"Finances I'd be left with post-rent: "<<rent;
      |                                                  ^~~~
g++ -o "Kid Shop.exe" kid_shop.o 
Info: Nothing to build for Miles to Kilometres (via functions)
18:20:18 **** Incremental Build of configuration Debug for project Kid Shop ****
Info: Internal Builder is used for build
g++ -O0 -g3 -Wall -c -fmessage-length=0 -o kid_shop.o "..\\kid_shop.cpp" 
g++ -o "Kid Shop.exe" kid_shop.o 
Info: Nothing to build for Miles to Kilometres (via functions)
Info: Nothing to build for Kid Shop
Info: Nothing to build for Kid Shop
18:24:52 **** Incremental Build of configuration Debug for project Kid Shop ****
Info: Internal Builder is used for build
g++ -O0 -g3 -Wall -c -fmessage-length=0 -o kid_shop.o "..\\kid_shop.cpp" 
g++ -o "Kid Shop.exe" kid_shop.o 
Info: Nothing to build for Kid Shop
Info: Nothing to build for Kid Shop
18:52:17 **** Incremental Build of configuration Debug for project Kid Shop ****
Info: Internal Builder is used for build
g++ -O0 -g3 -Wall -c -fmessage-length=0 -o kid_shop.o "..\\kid_shop.cpp" 
g++ -o "Kid Shop.exe" kid_shop.o 
Info: Nothing to build for Kid Shop
19:02:16 **** Incremental Build of configuration Debug for project Kid Shop ****
Info: Internal Builder is used for build
g++ -O0 -g3 -Wall -c -fmessage-length=0 -o kid_shop.o "..\\kid_shop.cpp" 
g++ -o "Kid Shop.exe" kid_shop.o 
20:53:50 **** Incremental Build of configuration Debug for project Kid Shop ****
Info: Internal Builder is used for build
g++ -O0 -g3 -Wall -c -fmessage-length=0 -o kid_shop.o "..\\kid_shop.cpp" 
g++ -o "Kid Shop.exe" kid_shop.o 
20:56:47 **** Incremental Build of configuration Debug for project Kid Shop ****
Info: Internal Builder is used for build
g++ -O0 -g3 -Wall -c -fmessage-length=0 -o kid_shop.o "..\\kid_shop.cpp" 
g++ -o "Kid Shop.exe" kid_shop.o 
16:52:37 **** Incremental Build of configuration Debug for project Kid Shop ****
Info: Internal Builder is used for build
g++ -O0 -g3 -Wall -c -fmessage-length=0 -o kid_shop.o "..\\kid_shop.cpp" 
g++ -o "Kid Shop.exe" kid_shop.o 
Info: Nothing to build for Kid Shop
16:54:37 **** Incremental Build of configuration Debug for project Kid Shop ****
Info: Internal Builder is used for build
g++ -O0 -g3 -Wall -c -fmessage-length=0 -o kid_shop.o "..\\kid_shop.cpp" 
g++ -o "Kid Shop.exe" kid_shop.o 
Info: Nothing to build for Kid Shop
16:55:26 **** Incremental Build of configuration Debug for project Kid Shop ****
Info: Internal Builder is used for build
g++ -O0 -g3 -Wall -c -fmessage-length=0 -o kid_shop.o "..\\kid_shop.cpp" 
g++ -o "Kid Shop.exe" kid_shop.o 
16:57:49 **** Incremental Build of configuration Debug for project Kid Shop ****
Info: Internal Builder is used for build
g++ -O0 -g3 -Wall -c -fmessage-length=0 -o kid_shop.o "..\\kid_shop.cpp" 
g++ -o "Kid Shop.exe" kid_shop.o 
17:03:22 **** Incremental Build of configuration Debug for project Kid Shop ****
Info: Internal Builder is used for build
g++ -O0 -g3 -Wall -c -fmessage-length=0 -o kid_shop.o "..\\kid_shop.cpp" 
g++ -o "Kid Shop.exe" kid_shop.o 
17:04:15 **** Incremental Build of configuration Debug for project Kid Shop ****
Info: Internal Builder is used for build
g++ -O0 -g3 -Wall -c -fmessage-length=0 -o kid_shop.o "..\\kid_shop.cpp" 
g++ -o "Kid Shop.exe" kid_shop.o 
17:05:49 **** Incremental Build of configuration Debug for project Kid Shop ****
Info: Internal Builder is used for build
g++ -O0 -g3 -Wall -c -fmessage-length=0 -o kid_shop.o "..\\kid_shop.cpp" 
g++ -o "Kid Shop.exe" kid_shop.o 
17:08:31 **** Incremental Build of configuration Debug for project Kid Shop ****
Info: Internal Builder is used for build
g++ -O0 -g3 -Wall -c -fmessage-length=0 -o kid_shop.o "..\\kid_shop.cpp" 
g++ -o "Kid Shop.exe" kid_shop.o 
22:52:48 **** Rebuild of configuration Debug for project Kid Shop ****
Info: Internal Builder is used for build
g++ -O0 -g3 -Wall -c -fmessage-length=0 -o kid_shop.o "..\\kid_shop.cpp" 
g++ -o "Kid Shop.exe" kid_shop.o 
22:29:03 **** Rebuild of configuration Debug for project Kid Shop ****
Info: Internal Builder is used for build
g++ -O0 -g3 -Wall -c -fmessage-length=0 -o kid_shop.o "..\\kid_shop.cpp" 
g++ -o "Kid Shop.exe" kid_shop.o 
22:29:08 **** Rebuild of configuration Debug for project Pairs ****
Info: Internal Builder is used for build
g++ -O0 -g3 -Wall -c -fmessage-length=0 -o pairs.o "..\\pairs.cpp" 
g++ -o Pairs.exe pairs.o 
22:29:12 **** Incremental Build of configuration Debug for project Pairs ****
Info: Internal Builder is used for build
g++ -O0 -g3 -Wall -c -fmessage-length=0 -o pairs.o "..\\pairs.cpp" 
g++ -o Pairs.exe pairs.o 
Info: Nothing to build for Kid Shop
22:54:58 **** Incremental Build of configuration Debug for project Pairs ****
Info: Internal Builder is used for build
g++ -O0 -g3 -Wall -c -fmessage-length=0 -o pairs.o "..\\pairs.cpp" 
g++ -o Pairs.exe pairs.o 
Info: Nothing to build for Pairs
Info: Nothing to build for Pairs
Info: Nothing to build for Pairs
Info: Nothing to build for Pairs
23:16:10 **** Incremental Build of configuration Debug for project Pairs ****
Info: Internal Builder is used for build
g++ -O0 -g3 -Wall -c -fmessage-length=0 -o pairs.o "..\\pairs.cpp" 
g++ -o Pairs.exe pairs.o 
c:/mingw/bin/../lib/gcc/mingw32/9.2.0/../../../../mingw32/bin/ld.exe: cannot open output file Pairs.exe: Permission denied
collect2.exe: error: ld returned 1 exit status
23:16:29 **** Incremental Build of configuration Debug for project Pairs ****
Info: Internal Builder is used for build
g++ -o Pairs.exe pairs.o 
23:18:16 **** Incremental Build of configuration Debug for project Pairs ****
Info: Internal Builder is used for build
g++ -O0 -g3 -Wall -c -fmessage-length=0 -o pairs.o "..\\pairs.cpp" 
g++ -o Pairs.exe pairs.o 
Info: Nothing to build for Kid Shop
23:20:12 **** Incremental Build of configuration Debug for project Pairs ****
Info: Internal Builder is used for build
g++ -O0 -g3 -Wall -c -fmessage-length=0 -o pairs.o "..\\pairs.cpp" 
g++ -o Pairs.exe pairs.o 
Info: Nothing to build for Pairs
